{"numTotalTestSuites":8,"numPassedTestSuites":1,"numFailedTestSuites":7,"numPendingTestSuites":0,"numTotalTests":11,"numPassedTests":2,"numFailedTests":9,"numPendingTests":0,"numTodoTests":0,"snapshot":{"added":0,"failure":false,"filesAdded":0,"filesRemoved":0,"filesRemovedList":[],"filesUnmatched":0,"filesUpdated":0,"matched":0,"total":0,"unchecked":0,"uncheckedKeysByFile":[],"unmatched":0,"updated":0,"didUpdate":false},"startTime":1756838809337,"success":false,"testResults":[{"assertionResults":[{"ancestorTitles":["Teste End-to-End Completo - Plataforma de Pesquisas","1. Processo de Compra da Conta"],"fullName":"Teste End-to-End Completo - Plataforma de Pesquisas 1. Processo de Compra da Conta Deve simular compra bem-sucedida de plano Pro mensal","status":"failed","title":"Deve simular compra bem-sucedida de plano Pro mensal","duration":1052.0040000000008,"failureMessages":["Error: Falha na criação da transação: Could not find the 'customer_email' column of 'transactions' in the schema cache\n    at Function.processPaymentSuccess (D:\\Documents\\Trabalhos\\PotencialPI\\Git\\sentiment-cx-2e7070b0-main\\sentiment-cx-2e7070b0-main\\tests\\e2e-complete-flow.test.js:121:33)\n    at processTicksAndRejections (node:internal/process/task_queues:105:5)\n    at Function.simulateStripePayment (D:\\Documents\\Trabalhos\\PotencialPI\\Git\\sentiment-cx-2e7070b0-main\\sentiment-cx-2e7070b0-main\\tests\\e2e-complete-flow.test.js:99:5)\n    at D:\\Documents\\Trabalhos\\PotencialPI\\Git\\sentiment-cx-2e7070b0-main\\sentiment-cx-2e7070b0-main\\tests\\e2e-complete-flow.test.js:283:24\n    at file:///D:/Documents/Trabalhos/PotencialPI/Git/sentiment-cx-2e7070b0-main/sentiment-cx-2e7070b0-main/node_modules/@vitest/runner/dist/chunk-hooks.js:752:20","Error: Falha na criação da transação: Could not find the 'customer_email' column of 'transactions' in the schema cache\n    at Function.processPaymentSuccess (D:\\Documents\\Trabalhos\\PotencialPI\\Git\\sentiment-cx-2e7070b0-main\\sentiment-cx-2e7070b0-main\\tests\\e2e-complete-flow.test.js:121:33)\n    at processTicksAndRejections (node:internal/process/task_queues:105:5)\n    at Function.simulateStripePayment (D:\\Documents\\Trabalhos\\PotencialPI\\Git\\sentiment-cx-2e7070b0-main\\sentiment-cx-2e7070b0-main\\tests\\e2e-complete-flow.test.js:99:5)\n    at D:\\Documents\\Trabalhos\\PotencialPI\\Git\\sentiment-cx-2e7070b0-main\\sentiment-cx-2e7070b0-main\\tests\\e2e-complete-flow.test.js:283:24\n    at file:///D:/Documents/Trabalhos/PotencialPI/Git/sentiment-cx-2e7070b0-main/sentiment-cx-2e7070b0-main/node_modules/@vitest/runner/dist/chunk-hooks.js:752:20","Error: Falha na criação da transação: Could not find the 'customer_email' column of 'transactions' in the schema cache\n    at Function.processPaymentSuccess (D:\\Documents\\Trabalhos\\PotencialPI\\Git\\sentiment-cx-2e7070b0-main\\sentiment-cx-2e7070b0-main\\tests\\e2e-complete-flow.test.js:121:33)\n    at processTicksAndRejections (node:internal/process/task_queues:105:5)\n    at Function.simulateStripePayment (D:\\Documents\\Trabalhos\\PotencialPI\\Git\\sentiment-cx-2e7070b0-main\\sentiment-cx-2e7070b0-main\\tests\\e2e-complete-flow.test.js:99:5)\n    at D:\\Documents\\Trabalhos\\PotencialPI\\Git\\sentiment-cx-2e7070b0-main\\sentiment-cx-2e7070b0-main\\tests\\e2e-complete-flow.test.js:283:24\n    at file:///D:/Documents/Trabalhos/PotencialPI/Git/sentiment-cx-2e7070b0-main/sentiment-cx-2e7070b0-main/node_modules/@vitest/runner/dist/chunk-hooks.js:752:20"],"meta":{}},{"ancestorTitles":["Teste End-to-End Completo - Plataforma de Pesquisas","1. Processo de Compra da Conta"],"fullName":"Teste End-to-End Completo - Plataforma de Pesquisas 1. Processo de Compra da Conta Deve atualizar perfil do usuário após pagamento","status":"failed","title":"Deve atualizar perfil do usuário após pagamento","duration":1047.2957000000006,"failureMessages":["AssertionError: expected [] to have a length of 1 but got +0\n    at Proxy.<anonymous> (file:///D:/Documents/Trabalhos/PotencialPI/Git/sentiment-cx-2e7070b0-main/sentiment-cx-2e7070b0-main/node_modules/@vitest/expect/dist/index.js:1257:20)\n    at Proxy.<anonymous> (file:///D:/Documents/Trabalhos/PotencialPI/Git/sentiment-cx-2e7070b0-main/sentiment-cx-2e7070b0-main/node_modules/@vitest/expect/dist/index.js:1029:14)\n    at Proxy.methodWrapper (file:///D:/Documents/Trabalhos/PotencialPI/Git/sentiment-cx-2e7070b0-main/sentiment-cx-2e7070b0-main/node_modules/chai/chai.js:1706:25)\n    at D:\\Documents\\Trabalhos\\PotencialPI\\Git\\sentiment-cx-2e7070b0-main\\sentiment-cx-2e7070b0-main\\tests\\e2e-complete-flow.test.js:304:24\n    at processTicksAndRejections (node:internal/process/task_queues:105:5)\n    at file:///D:/Documents/Trabalhos/PotencialPI/Git/sentiment-cx-2e7070b0-main/sentiment-cx-2e7070b0-main/node_modules/@vitest/runner/dist/chunk-hooks.js:752:20","AssertionError: expected [] to have a length of 1 but got +0\n    at Proxy.<anonymous> (file:///D:/Documents/Trabalhos/PotencialPI/Git/sentiment-cx-2e7070b0-main/sentiment-cx-2e7070b0-main/node_modules/@vitest/expect/dist/index.js:1257:20)\n    at Proxy.<anonymous> (file:///D:/Documents/Trabalhos/PotencialPI/Git/sentiment-cx-2e7070b0-main/sentiment-cx-2e7070b0-main/node_modules/@vitest/expect/dist/index.js:1029:14)\n    at Proxy.methodWrapper (file:///D:/Documents/Trabalhos/PotencialPI/Git/sentiment-cx-2e7070b0-main/sentiment-cx-2e7070b0-main/node_modules/chai/chai.js:1706:25)\n    at D:\\Documents\\Trabalhos\\PotencialPI\\Git\\sentiment-cx-2e7070b0-main\\sentiment-cx-2e7070b0-main\\tests\\e2e-complete-flow.test.js:304:24\n    at processTicksAndRejections (node:internal/process/task_queues:105:5)\n    at file:///D:/Documents/Trabalhos/PotencialPI/Git/sentiment-cx-2e7070b0-main/sentiment-cx-2e7070b0-main/node_modules/@vitest/runner/dist/chunk-hooks.js:752:20","AssertionError: expected [] to have a length of 1 but got +0\n    at Proxy.<anonymous> (file:///D:/Documents/Trabalhos/PotencialPI/Git/sentiment-cx-2e7070b0-main/sentiment-cx-2e7070b0-main/node_modules/@vitest/expect/dist/index.js:1257:20)\n    at Proxy.<anonymous> (file:///D:/Documents/Trabalhos/PotencialPI/Git/sentiment-cx-2e7070b0-main/sentiment-cx-2e7070b0-main/node_modules/@vitest/expect/dist/index.js:1029:14)\n    at Proxy.methodWrapper (file:///D:/Documents/Trabalhos/PotencialPI/Git/sentiment-cx-2e7070b0-main/sentiment-cx-2e7070b0-main/node_modules/chai/chai.js:1706:25)\n    at D:\\Documents\\Trabalhos\\PotencialPI\\Git\\sentiment-cx-2e7070b0-main\\sentiment-cx-2e7070b0-main\\tests\\e2e-complete-flow.test.js:304:24\n    at processTicksAndRejections (node:internal/process/task_queues:105:5)\n    at file:///D:/Documents/Trabalhos/PotencialPI/Git/sentiment-cx-2e7070b0-main/sentiment-cx-2e7070b0-main/node_modules/@vitest/runner/dist/chunk-hooks.js:752:20"],"meta":{}},{"ancestorTitles":["Teste End-to-End Completo - Plataforma de Pesquisas","2. Autenticação e Conexão"],"fullName":"Teste End-to-End Completo - Plataforma de Pesquisas 2. Autenticação e Conexão Deve criar usuário de teste","status":"passed","title":"Deve criar usuário de teste","duration":553.6660999999986,"failureMessages":[],"meta":{}},{"ancestorTitles":["Teste End-to-End Completo - Plataforma de Pesquisas","2. Autenticação e Conexão"],"fullName":"Teste End-to-End Completo - Plataforma de Pesquisas 2. Autenticação e Conexão Deve autenticar usuário com credenciais válidas","status":"passed","title":"Deve autenticar usuário com credenciais válidas","duration":602.472600000001,"failureMessages":[],"meta":{}},{"ancestorTitles":["Teste End-to-End Completo - Plataforma de Pesquisas","3. Criação de Pesquisa"],"fullName":"Teste End-to-End Completo - Plataforma de Pesquisas 3. Criação de Pesquisa Deve criar pesquisa com perguntas válidas","status":"failed","title":"Deve criar pesquisa com perguntas válidas","duration":1015.1829999999991,"failureMessages":["Error: Falha na criação da pesquisa: Could not find the 'questions' column of 'surveys' in the schema cache\n    at Function.createTestSurvey (D:\\Documents\\Trabalhos\\PotencialPI\\Git\\sentiment-cx-2e7070b0-main\\sentiment-cx-2e7070b0-main\\tests\\e2e-complete-flow.test.js:192:22)\n    at processTicksAndRejections (node:internal/process/task_queues:105:5)\n    at D:\\Documents\\Trabalhos\\PotencialPI\\Git\\sentiment-cx-2e7070b0-main\\sentiment-cx-2e7070b0-main\\tests\\e2e-complete-flow.test.js:344:20\n    at file:///D:/Documents/Trabalhos/PotencialPI/Git/sentiment-cx-2e7070b0-main/sentiment-cx-2e7070b0-main/node_modules/@vitest/runner/dist/chunk-hooks.js:752:20","Error: Falha na criação da pesquisa: Could not find the 'questions' column of 'surveys' in the schema cache\n    at Function.createTestSurvey (D:\\Documents\\Trabalhos\\PotencialPI\\Git\\sentiment-cx-2e7070b0-main\\sentiment-cx-2e7070b0-main\\tests\\e2e-complete-flow.test.js:192:22)\n    at processTicksAndRejections (node:internal/process/task_queues:105:5)\n    at D:\\Documents\\Trabalhos\\PotencialPI\\Git\\sentiment-cx-2e7070b0-main\\sentiment-cx-2e7070b0-main\\tests\\e2e-complete-flow.test.js:344:20\n    at file:///D:/Documents/Trabalhos/PotencialPI/Git/sentiment-cx-2e7070b0-main/sentiment-cx-2e7070b0-main/node_modules/@vitest/runner/dist/chunk-hooks.js:752:20","Error: Falha na criação da pesquisa: Could not find the 'questions' column of 'surveys' in the schema cache\n    at Function.createTestSurvey (D:\\Documents\\Trabalhos\\PotencialPI\\Git\\sentiment-cx-2e7070b0-main\\sentiment-cx-2e7070b0-main\\tests\\e2e-complete-flow.test.js:192:22)\n    at processTicksAndRejections (node:internal/process/task_queues:105:5)\n    at D:\\Documents\\Trabalhos\\PotencialPI\\Git\\sentiment-cx-2e7070b0-main\\sentiment-cx-2e7070b0-main\\tests\\e2e-complete-flow.test.js:344:20\n    at file:///D:/Documents/Trabalhos/PotencialPI/Git/sentiment-cx-2e7070b0-main/sentiment-cx-2e7070b0-main/node_modules/@vitest/runner/dist/chunk-hooks.js:752:20"],"meta":{}},{"ancestorTitles":["Teste End-to-End Completo - Plataforma de Pesquisas","3. Criação de Pesquisa"],"fullName":"Teste End-to-End Completo - Plataforma de Pesquisas 3. Criação de Pesquisa Deve validar estrutura das perguntas","status":"failed","title":"Deve validar estrutura das perguntas","duration":1.0432999999993626,"failureMessages":["TypeError: Cannot read properties of undefined (reading 'questions')\n    at D:\\Documents\\Trabalhos\\PotencialPI\\Git\\sentiment-cx-2e7070b0-main\\sentiment-cx-2e7070b0-main\\tests\\e2e-complete-flow.test.js:355:36\n    at file:///D:/Documents/Trabalhos/PotencialPI/Git/sentiment-cx-2e7070b0-main/sentiment-cx-2e7070b0-main/node_modules/@vitest/runner/dist/chunk-hooks.js:155:11\n    at file:///D:/Documents/Trabalhos/PotencialPI/Git/sentiment-cx-2e7070b0-main/sentiment-cx-2e7070b0-main/node_modules/@vitest/runner/dist/chunk-hooks.js:752:26\n    at file:///D:/Documents/Trabalhos/PotencialPI/Git/sentiment-cx-2e7070b0-main/sentiment-cx-2e7070b0-main/node_modules/@vitest/runner/dist/chunk-hooks.js:1897:20\n    at new Promise (<anonymous>)\n    at runWithTimeout (file:///D:/Documents/Trabalhos/PotencialPI/Git/sentiment-cx-2e7070b0-main/sentiment-cx-2e7070b0-main/node_modules/@vitest/runner/dist/chunk-hooks.js:1863:10)\n    at runTest (file:///D:/Documents/Trabalhos/PotencialPI/Git/sentiment-cx-2e7070b0-main/sentiment-cx-2e7070b0-main/node_modules/@vitest/runner/dist/chunk-hooks.js:1574:12)\n    at processTicksAndRejections (node:internal/process/task_queues:105:5)\n    at runSuite (file:///D:/Documents/Trabalhos/PotencialPI/Git/sentiment-cx-2e7070b0-main/sentiment-cx-2e7070b0-main/node_modules/@vitest/runner/dist/chunk-hooks.js:1729:8)\n    at runSuite (file:///D:/Documents/Trabalhos/PotencialPI/Git/sentiment-cx-2e7070b0-main/sentiment-cx-2e7070b0-main/node_modules/@vitest/runner/dist/chunk-hooks.js:1729:8)","TypeError: Cannot read properties of undefined (reading 'questions')\n    at D:\\Documents\\Trabalhos\\PotencialPI\\Git\\sentiment-cx-2e7070b0-main\\sentiment-cx-2e7070b0-main\\tests\\e2e-complete-flow.test.js:355:36\n    at file:///D:/Documents/Trabalhos/PotencialPI/Git/sentiment-cx-2e7070b0-main/sentiment-cx-2e7070b0-main/node_modules/@vitest/runner/dist/chunk-hooks.js:155:11\n    at file:///D:/Documents/Trabalhos/PotencialPI/Git/sentiment-cx-2e7070b0-main/sentiment-cx-2e7070b0-main/node_modules/@vitest/runner/dist/chunk-hooks.js:752:26\n    at file:///D:/Documents/Trabalhos/PotencialPI/Git/sentiment-cx-2e7070b0-main/sentiment-cx-2e7070b0-main/node_modules/@vitest/runner/dist/chunk-hooks.js:1897:20\n    at new Promise (<anonymous>)\n    at runWithTimeout (file:///D:/Documents/Trabalhos/PotencialPI/Git/sentiment-cx-2e7070b0-main/sentiment-cx-2e7070b0-main/node_modules/@vitest/runner/dist/chunk-hooks.js:1863:10)\n    at runTest (file:///D:/Documents/Trabalhos/PotencialPI/Git/sentiment-cx-2e7070b0-main/sentiment-cx-2e7070b0-main/node_modules/@vitest/runner/dist/chunk-hooks.js:1574:12)\n    at processTicksAndRejections (node:internal/process/task_queues:105:5)\n    at runSuite (file:///D:/Documents/Trabalhos/PotencialPI/Git/sentiment-cx-2e7070b0-main/sentiment-cx-2e7070b0-main/node_modules/@vitest/runner/dist/chunk-hooks.js:1729:8)\n    at runSuite (file:///D:/Documents/Trabalhos/PotencialPI/Git/sentiment-cx-2e7070b0-main/sentiment-cx-2e7070b0-main/node_modules/@vitest/runner/dist/chunk-hooks.js:1729:8)","TypeError: Cannot read properties of undefined (reading 'questions')\n    at D:\\Documents\\Trabalhos\\PotencialPI\\Git\\sentiment-cx-2e7070b0-main\\sentiment-cx-2e7070b0-main\\tests\\e2e-complete-flow.test.js:355:36\n    at file:///D:/Documents/Trabalhos/PotencialPI/Git/sentiment-cx-2e7070b0-main/sentiment-cx-2e7070b0-main/node_modules/@vitest/runner/dist/chunk-hooks.js:155:11\n    at file:///D:/Documents/Trabalhos/PotencialPI/Git/sentiment-cx-2e7070b0-main/sentiment-cx-2e7070b0-main/node_modules/@vitest/runner/dist/chunk-hooks.js:752:26\n    at file:///D:/Documents/Trabalhos/PotencialPI/Git/sentiment-cx-2e7070b0-main/sentiment-cx-2e7070b0-main/node_modules/@vitest/runner/dist/chunk-hooks.js:1897:20\n    at new Promise (<anonymous>)\n    at runWithTimeout (file:///D:/Documents/Trabalhos/PotencialPI/Git/sentiment-cx-2e7070b0-main/sentiment-cx-2e7070b0-main/node_modules/@vitest/runner/dist/chunk-hooks.js:1863:10)\n    at runTest (file:///D:/Documents/Trabalhos/PotencialPI/Git/sentiment-cx-2e7070b0-main/sentiment-cx-2e7070b0-main/node_modules/@vitest/runner/dist/chunk-hooks.js:1574:12)\n    at processTicksAndRejections (node:internal/process/task_queues:105:5)\n    at runSuite (file:///D:/Documents/Trabalhos/PotencialPI/Git/sentiment-cx-2e7070b0-main/sentiment-cx-2e7070b0-main/node_modules/@vitest/runner/dist/chunk-hooks.js:1729:8)\n    at runSuite (file:///D:/Documents/Trabalhos/PotencialPI/Git/sentiment-cx-2e7070b0-main/sentiment-cx-2e7070b0-main/node_modules/@vitest/runner/dist/chunk-hooks.js:1729:8)"],"meta":{}},{"ancestorTitles":["Teste End-to-End Completo - Plataforma de Pesquisas","4. Geração de Magic Link"],"fullName":"Teste End-to-End Completo - Plataforma de Pesquisas 4. Geração de Magic Link Deve gerar magic link válido para respondente","status":"failed","title":"Deve gerar magic link válido para respondente","duration":0.6843000000008033,"failureMessages":["TypeError: Cannot read properties of undefined (reading 'id')\n    at D:\\Documents\\Trabalhos\\PotencialPI\\Git\\sentiment-cx-2e7070b0-main\\sentiment-cx-2e7070b0-main\\tests\\e2e-complete-flow.test.js:378:20\n    at file:///D:/Documents/Trabalhos/PotencialPI/Git/sentiment-cx-2e7070b0-main/sentiment-cx-2e7070b0-main/node_modules/@vitest/runner/dist/chunk-hooks.js:155:11\n    at file:///D:/Documents/Trabalhos/PotencialPI/Git/sentiment-cx-2e7070b0-main/sentiment-cx-2e7070b0-main/node_modules/@vitest/runner/dist/chunk-hooks.js:752:26\n    at file:///D:/Documents/Trabalhos/PotencialPI/Git/sentiment-cx-2e7070b0-main/sentiment-cx-2e7070b0-main/node_modules/@vitest/runner/dist/chunk-hooks.js:1897:20\n    at new Promise (<anonymous>)\n    at runWithTimeout (file:///D:/Documents/Trabalhos/PotencialPI/Git/sentiment-cx-2e7070b0-main/sentiment-cx-2e7070b0-main/node_modules/@vitest/runner/dist/chunk-hooks.js:1863:10)\n    at runTest (file:///D:/Documents/Trabalhos/PotencialPI/Git/sentiment-cx-2e7070b0-main/sentiment-cx-2e7070b0-main/node_modules/@vitest/runner/dist/chunk-hooks.js:1574:12)\n    at processTicksAndRejections (node:internal/process/task_queues:105:5)\n    at runSuite (file:///D:/Documents/Trabalhos/PotencialPI/Git/sentiment-cx-2e7070b0-main/sentiment-cx-2e7070b0-main/node_modules/@vitest/runner/dist/chunk-hooks.js:1729:8)\n    at runSuite (file:///D:/Documents/Trabalhos/PotencialPI/Git/sentiment-cx-2e7070b0-main/sentiment-cx-2e7070b0-main/node_modules/@vitest/runner/dist/chunk-hooks.js:1729:8)","TypeError: Cannot read properties of undefined (reading 'id')\n    at D:\\Documents\\Trabalhos\\PotencialPI\\Git\\sentiment-cx-2e7070b0-main\\sentiment-cx-2e7070b0-main\\tests\\e2e-complete-flow.test.js:378:20\n    at file:///D:/Documents/Trabalhos/PotencialPI/Git/sentiment-cx-2e7070b0-main/sentiment-cx-2e7070b0-main/node_modules/@vitest/runner/dist/chunk-hooks.js:155:11\n    at file:///D:/Documents/Trabalhos/PotencialPI/Git/sentiment-cx-2e7070b0-main/sentiment-cx-2e7070b0-main/node_modules/@vitest/runner/dist/chunk-hooks.js:752:26\n    at file:///D:/Documents/Trabalhos/PotencialPI/Git/sentiment-cx-2e7070b0-main/sentiment-cx-2e7070b0-main/node_modules/@vitest/runner/dist/chunk-hooks.js:1897:20\n    at new Promise (<anonymous>)\n    at runWithTimeout (file:///D:/Documents/Trabalhos/PotencialPI/Git/sentiment-cx-2e7070b0-main/sentiment-cx-2e7070b0-main/node_modules/@vitest/runner/dist/chunk-hooks.js:1863:10)\n    at runTest (file:///D:/Documents/Trabalhos/PotencialPI/Git/sentiment-cx-2e7070b0-main/sentiment-cx-2e7070b0-main/node_modules/@vitest/runner/dist/chunk-hooks.js:1574:12)\n    at processTicksAndRejections (node:internal/process/task_queues:105:5)\n    at runSuite (file:///D:/Documents/Trabalhos/PotencialPI/Git/sentiment-cx-2e7070b0-main/sentiment-cx-2e7070b0-main/node_modules/@vitest/runner/dist/chunk-hooks.js:1729:8)\n    at runSuite (file:///D:/Documents/Trabalhos/PotencialPI/Git/sentiment-cx-2e7070b0-main/sentiment-cx-2e7070b0-main/node_modules/@vitest/runner/dist/chunk-hooks.js:1729:8)","TypeError: Cannot read properties of undefined (reading 'id')\n    at D:\\Documents\\Trabalhos\\PotencialPI\\Git\\sentiment-cx-2e7070b0-main\\sentiment-cx-2e7070b0-main\\tests\\e2e-complete-flow.test.js:378:20\n    at file:///D:/Documents/Trabalhos/PotencialPI/Git/sentiment-cx-2e7070b0-main/sentiment-cx-2e7070b0-main/node_modules/@vitest/runner/dist/chunk-hooks.js:155:11\n    at file:///D:/Documents/Trabalhos/PotencialPI/Git/sentiment-cx-2e7070b0-main/sentiment-cx-2e7070b0-main/node_modules/@vitest/runner/dist/chunk-hooks.js:752:26\n    at file:///D:/Documents/Trabalhos/PotencialPI/Git/sentiment-cx-2e7070b0-main/sentiment-cx-2e7070b0-main/node_modules/@vitest/runner/dist/chunk-hooks.js:1897:20\n    at new Promise (<anonymous>)\n    at runWithTimeout (file:///D:/Documents/Trabalhos/PotencialPI/Git/sentiment-cx-2e7070b0-main/sentiment-cx-2e7070b0-main/node_modules/@vitest/runner/dist/chunk-hooks.js:1863:10)\n    at runTest (file:///D:/Documents/Trabalhos/PotencialPI/Git/sentiment-cx-2e7070b0-main/sentiment-cx-2e7070b0-main/node_modules/@vitest/runner/dist/chunk-hooks.js:1574:12)\n    at processTicksAndRejections (node:internal/process/task_queues:105:5)\n    at runSuite (file:///D:/Documents/Trabalhos/PotencialPI/Git/sentiment-cx-2e7070b0-main/sentiment-cx-2e7070b0-main/node_modules/@vitest/runner/dist/chunk-hooks.js:1729:8)\n    at runSuite (file:///D:/Documents/Trabalhos/PotencialPI/Git/sentiment-cx-2e7070b0-main/sentiment-cx-2e7070b0-main/node_modules/@vitest/runner/dist/chunk-hooks.js:1729:8)"],"meta":{}},{"ancestorTitles":["Teste End-to-End Completo - Plataforma de Pesquisas","5. Preenchimento da Pesquisa pelo Respondente"],"fullName":"Teste End-to-End Completo - Plataforma de Pesquisas 5. Preenchimento da Pesquisa pelo Respondente Deve submeter respostas válidas","status":"failed","title":"Deve submeter respostas válidas","duration":0.725800000000163,"failureMessages":["TypeError: Cannot read properties of undefined (reading 'id')\n    at D:\\Documents\\Trabalhos\\PotencialPI\\Git\\sentiment-cx-2e7070b0-main\\sentiment-cx-2e7070b0-main\\tests\\e2e-complete-flow.test.js:409:20\n    at file:///D:/Documents/Trabalhos/PotencialPI/Git/sentiment-cx-2e7070b0-main/sentiment-cx-2e7070b0-main/node_modules/@vitest/runner/dist/chunk-hooks.js:155:11\n    at file:///D:/Documents/Trabalhos/PotencialPI/Git/sentiment-cx-2e7070b0-main/sentiment-cx-2e7070b0-main/node_modules/@vitest/runner/dist/chunk-hooks.js:752:26\n    at file:///D:/Documents/Trabalhos/PotencialPI/Git/sentiment-cx-2e7070b0-main/sentiment-cx-2e7070b0-main/node_modules/@vitest/runner/dist/chunk-hooks.js:1897:20\n    at new Promise (<anonymous>)\n    at runWithTimeout (file:///D:/Documents/Trabalhos/PotencialPI/Git/sentiment-cx-2e7070b0-main/sentiment-cx-2e7070b0-main/node_modules/@vitest/runner/dist/chunk-hooks.js:1863:10)\n    at runTest (file:///D:/Documents/Trabalhos/PotencialPI/Git/sentiment-cx-2e7070b0-main/sentiment-cx-2e7070b0-main/node_modules/@vitest/runner/dist/chunk-hooks.js:1574:12)\n    at processTicksAndRejections (node:internal/process/task_queues:105:5)\n    at runSuite (file:///D:/Documents/Trabalhos/PotencialPI/Git/sentiment-cx-2e7070b0-main/sentiment-cx-2e7070b0-main/node_modules/@vitest/runner/dist/chunk-hooks.js:1729:8)\n    at runSuite (file:///D:/Documents/Trabalhos/PotencialPI/Git/sentiment-cx-2e7070b0-main/sentiment-cx-2e7070b0-main/node_modules/@vitest/runner/dist/chunk-hooks.js:1729:8)","TypeError: Cannot read properties of undefined (reading 'id')\n    at D:\\Documents\\Trabalhos\\PotencialPI\\Git\\sentiment-cx-2e7070b0-main\\sentiment-cx-2e7070b0-main\\tests\\e2e-complete-flow.test.js:409:20\n    at file:///D:/Documents/Trabalhos/PotencialPI/Git/sentiment-cx-2e7070b0-main/sentiment-cx-2e7070b0-main/node_modules/@vitest/runner/dist/chunk-hooks.js:155:11\n    at file:///D:/Documents/Trabalhos/PotencialPI/Git/sentiment-cx-2e7070b0-main/sentiment-cx-2e7070b0-main/node_modules/@vitest/runner/dist/chunk-hooks.js:752:26\n    at file:///D:/Documents/Trabalhos/PotencialPI/Git/sentiment-cx-2e7070b0-main/sentiment-cx-2e7070b0-main/node_modules/@vitest/runner/dist/chunk-hooks.js:1897:20\n    at new Promise (<anonymous>)\n    at runWithTimeout (file:///D:/Documents/Trabalhos/PotencialPI/Git/sentiment-cx-2e7070b0-main/sentiment-cx-2e7070b0-main/node_modules/@vitest/runner/dist/chunk-hooks.js:1863:10)\n    at runTest (file:///D:/Documents/Trabalhos/PotencialPI/Git/sentiment-cx-2e7070b0-main/sentiment-cx-2e7070b0-main/node_modules/@vitest/runner/dist/chunk-hooks.js:1574:12)\n    at processTicksAndRejections (node:internal/process/task_queues:105:5)\n    at runSuite (file:///D:/Documents/Trabalhos/PotencialPI/Git/sentiment-cx-2e7070b0-main/sentiment-cx-2e7070b0-main/node_modules/@vitest/runner/dist/chunk-hooks.js:1729:8)\n    at runSuite (file:///D:/Documents/Trabalhos/PotencialPI/Git/sentiment-cx-2e7070b0-main/sentiment-cx-2e7070b0-main/node_modules/@vitest/runner/dist/chunk-hooks.js:1729:8)","TypeError: Cannot read properties of undefined (reading 'id')\n    at D:\\Documents\\Trabalhos\\PotencialPI\\Git\\sentiment-cx-2e7070b0-main\\sentiment-cx-2e7070b0-main\\tests\\e2e-complete-flow.test.js:409:20\n    at file:///D:/Documents/Trabalhos/PotencialPI/Git/sentiment-cx-2e7070b0-main/sentiment-cx-2e7070b0-main/node_modules/@vitest/runner/dist/chunk-hooks.js:155:11\n    at file:///D:/Documents/Trabalhos/PotencialPI/Git/sentiment-cx-2e7070b0-main/sentiment-cx-2e7070b0-main/node_modules/@vitest/runner/dist/chunk-hooks.js:752:26\n    at file:///D:/Documents/Trabalhos/PotencialPI/Git/sentiment-cx-2e7070b0-main/sentiment-cx-2e7070b0-main/node_modules/@vitest/runner/dist/chunk-hooks.js:1897:20\n    at new Promise (<anonymous>)\n    at runWithTimeout (file:///D:/Documents/Trabalhos/PotencialPI/Git/sentiment-cx-2e7070b0-main/sentiment-cx-2e7070b0-main/node_modules/@vitest/runner/dist/chunk-hooks.js:1863:10)\n    at runTest (file:///D:/Documents/Trabalhos/PotencialPI/Git/sentiment-cx-2e7070b0-main/sentiment-cx-2e7070b0-main/node_modules/@vitest/runner/dist/chunk-hooks.js:1574:12)\n    at processTicksAndRejections (node:internal/process/task_queues:105:5)\n    at runSuite (file:///D:/Documents/Trabalhos/PotencialPI/Git/sentiment-cx-2e7070b0-main/sentiment-cx-2e7070b0-main/node_modules/@vitest/runner/dist/chunk-hooks.js:1729:8)\n    at runSuite (file:///D:/Documents/Trabalhos/PotencialPI/Git/sentiment-cx-2e7070b0-main/sentiment-cx-2e7070b0-main/node_modules/@vitest/runner/dist/chunk-hooks.js:1729:8)"],"meta":{}},{"ancestorTitles":["Teste End-to-End Completo - Plataforma de Pesquisas","5. Preenchimento da Pesquisa pelo Respondente"],"fullName":"Teste End-to-End Completo - Plataforma de Pesquisas 5. Preenchimento da Pesquisa pelo Respondente Deve validar respostas no banco de dados","status":"failed","title":"Deve validar respostas no banco de dados","duration":0.713900000000649,"failureMessages":["TypeError: Cannot read properties of undefined (reading 'id')\n    at D:\\Documents\\Trabalhos\\PotencialPI\\Git\\sentiment-cx-2e7070b0-main\\sentiment-cx-2e7070b0-main\\tests\\e2e-complete-flow.test.js:424:31\n    at file:///D:/Documents/Trabalhos/PotencialPI/Git/sentiment-cx-2e7070b0-main/sentiment-cx-2e7070b0-main/node_modules/@vitest/runner/dist/chunk-hooks.js:155:11\n    at file:///D:/Documents/Trabalhos/PotencialPI/Git/sentiment-cx-2e7070b0-main/sentiment-cx-2e7070b0-main/node_modules/@vitest/runner/dist/chunk-hooks.js:752:26\n    at file:///D:/Documents/Trabalhos/PotencialPI/Git/sentiment-cx-2e7070b0-main/sentiment-cx-2e7070b0-main/node_modules/@vitest/runner/dist/chunk-hooks.js:1897:20\n    at new Promise (<anonymous>)\n    at runWithTimeout (file:///D:/Documents/Trabalhos/PotencialPI/Git/sentiment-cx-2e7070b0-main/sentiment-cx-2e7070b0-main/node_modules/@vitest/runner/dist/chunk-hooks.js:1863:10)\n    at runTest (file:///D:/Documents/Trabalhos/PotencialPI/Git/sentiment-cx-2e7070b0-main/sentiment-cx-2e7070b0-main/node_modules/@vitest/runner/dist/chunk-hooks.js:1574:12)\n    at processTicksAndRejections (node:internal/process/task_queues:105:5)\n    at runSuite (file:///D:/Documents/Trabalhos/PotencialPI/Git/sentiment-cx-2e7070b0-main/sentiment-cx-2e7070b0-main/node_modules/@vitest/runner/dist/chunk-hooks.js:1729:8)\n    at runSuite (file:///D:/Documents/Trabalhos/PotencialPI/Git/sentiment-cx-2e7070b0-main/sentiment-cx-2e7070b0-main/node_modules/@vitest/runner/dist/chunk-hooks.js:1729:8)","TypeError: Cannot read properties of undefined (reading 'id')\n    at D:\\Documents\\Trabalhos\\PotencialPI\\Git\\sentiment-cx-2e7070b0-main\\sentiment-cx-2e7070b0-main\\tests\\e2e-complete-flow.test.js:424:31\n    at file:///D:/Documents/Trabalhos/PotencialPI/Git/sentiment-cx-2e7070b0-main/sentiment-cx-2e7070b0-main/node_modules/@vitest/runner/dist/chunk-hooks.js:155:11\n    at file:///D:/Documents/Trabalhos/PotencialPI/Git/sentiment-cx-2e7070b0-main/sentiment-cx-2e7070b0-main/node_modules/@vitest/runner/dist/chunk-hooks.js:752:26\n    at file:///D:/Documents/Trabalhos/PotencialPI/Git/sentiment-cx-2e7070b0-main/sentiment-cx-2e7070b0-main/node_modules/@vitest/runner/dist/chunk-hooks.js:1897:20\n    at new Promise (<anonymous>)\n    at runWithTimeout (file:///D:/Documents/Trabalhos/PotencialPI/Git/sentiment-cx-2e7070b0-main/sentiment-cx-2e7070b0-main/node_modules/@vitest/runner/dist/chunk-hooks.js:1863:10)\n    at runTest (file:///D:/Documents/Trabalhos/PotencialPI/Git/sentiment-cx-2e7070b0-main/sentiment-cx-2e7070b0-main/node_modules/@vitest/runner/dist/chunk-hooks.js:1574:12)\n    at processTicksAndRejections (node:internal/process/task_queues:105:5)\n    at runSuite (file:///D:/Documents/Trabalhos/PotencialPI/Git/sentiment-cx-2e7070b0-main/sentiment-cx-2e7070b0-main/node_modules/@vitest/runner/dist/chunk-hooks.js:1729:8)\n    at runSuite (file:///D:/Documents/Trabalhos/PotencialPI/Git/sentiment-cx-2e7070b0-main/sentiment-cx-2e7070b0-main/node_modules/@vitest/runner/dist/chunk-hooks.js:1729:8)","TypeError: Cannot read properties of undefined (reading 'id')\n    at D:\\Documents\\Trabalhos\\PotencialPI\\Git\\sentiment-cx-2e7070b0-main\\sentiment-cx-2e7070b0-main\\tests\\e2e-complete-flow.test.js:424:31\n    at file:///D:/Documents/Trabalhos/PotencialPI/Git/sentiment-cx-2e7070b0-main/sentiment-cx-2e7070b0-main/node_modules/@vitest/runner/dist/chunk-hooks.js:155:11\n    at file:///D:/Documents/Trabalhos/PotencialPI/Git/sentiment-cx-2e7070b0-main/sentiment-cx-2e7070b0-main/node_modules/@vitest/runner/dist/chunk-hooks.js:752:26\n    at file:///D:/Documents/Trabalhos/PotencialPI/Git/sentiment-cx-2e7070b0-main/sentiment-cx-2e7070b0-main/node_modules/@vitest/runner/dist/chunk-hooks.js:1897:20\n    at new Promise (<anonymous>)\n    at runWithTimeout (file:///D:/Documents/Trabalhos/PotencialPI/Git/sentiment-cx-2e7070b0-main/sentiment-cx-2e7070b0-main/node_modules/@vitest/runner/dist/chunk-hooks.js:1863:10)\n    at runTest (file:///D:/Documents/Trabalhos/PotencialPI/Git/sentiment-cx-2e7070b0-main/sentiment-cx-2e7070b0-main/node_modules/@vitest/runner/dist/chunk-hooks.js:1574:12)\n    at processTicksAndRejections (node:internal/process/task_queues:105:5)\n    at runSuite (file:///D:/Documents/Trabalhos/PotencialPI/Git/sentiment-cx-2e7070b0-main/sentiment-cx-2e7070b0-main/node_modules/@vitest/runner/dist/chunk-hooks.js:1729:8)\n    at runSuite (file:///D:/Documents/Trabalhos/PotencialPI/Git/sentiment-cx-2e7070b0-main/sentiment-cx-2e7070b0-main/node_modules/@vitest/runner/dist/chunk-hooks.js:1729:8)"],"meta":{}},{"ancestorTitles":["Teste End-to-End Completo - Plataforma de Pesquisas","6. Análise das Respostas pelo Usuário"],"fullName":"Teste End-to-End Completo - Plataforma de Pesquisas 6. Análise das Respostas pelo Usuário Deve recuperar todas as respostas da pesquisa","status":"failed","title":"Deve recuperar todas as respostas da pesquisa","duration":0.7772000000004482,"failureMessages":["TypeError: Cannot read properties of undefined (reading 'id')\n    at D:\\Documents\\Trabalhos\\PotencialPI\\Git\\sentiment-cx-2e7070b0-main\\sentiment-cx-2e7070b0-main\\tests\\e2e-complete-flow.test.js:442:31\n    at file:///D:/Documents/Trabalhos/PotencialPI/Git/sentiment-cx-2e7070b0-main/sentiment-cx-2e7070b0-main/node_modules/@vitest/runner/dist/chunk-hooks.js:155:11\n    at file:///D:/Documents/Trabalhos/PotencialPI/Git/sentiment-cx-2e7070b0-main/sentiment-cx-2e7070b0-main/node_modules/@vitest/runner/dist/chunk-hooks.js:752:26\n    at file:///D:/Documents/Trabalhos/PotencialPI/Git/sentiment-cx-2e7070b0-main/sentiment-cx-2e7070b0-main/node_modules/@vitest/runner/dist/chunk-hooks.js:1897:20\n    at new Promise (<anonymous>)\n    at runWithTimeout (file:///D:/Documents/Trabalhos/PotencialPI/Git/sentiment-cx-2e7070b0-main/sentiment-cx-2e7070b0-main/node_modules/@vitest/runner/dist/chunk-hooks.js:1863:10)\n    at runTest (file:///D:/Documents/Trabalhos/PotencialPI/Git/sentiment-cx-2e7070b0-main/sentiment-cx-2e7070b0-main/node_modules/@vitest/runner/dist/chunk-hooks.js:1574:12)\n    at processTicksAndRejections (node:internal/process/task_queues:105:5)\n    at runSuite (file:///D:/Documents/Trabalhos/PotencialPI/Git/sentiment-cx-2e7070b0-main/sentiment-cx-2e7070b0-main/node_modules/@vitest/runner/dist/chunk-hooks.js:1729:8)\n    at runSuite (file:///D:/Documents/Trabalhos/PotencialPI/Git/sentiment-cx-2e7070b0-main/sentiment-cx-2e7070b0-main/node_modules/@vitest/runner/dist/chunk-hooks.js:1729:8)","TypeError: Cannot read properties of undefined (reading 'id')\n    at D:\\Documents\\Trabalhos\\PotencialPI\\Git\\sentiment-cx-2e7070b0-main\\sentiment-cx-2e7070b0-main\\tests\\e2e-complete-flow.test.js:442:31\n    at file:///D:/Documents/Trabalhos/PotencialPI/Git/sentiment-cx-2e7070b0-main/sentiment-cx-2e7070b0-main/node_modules/@vitest/runner/dist/chunk-hooks.js:155:11\n    at file:///D:/Documents/Trabalhos/PotencialPI/Git/sentiment-cx-2e7070b0-main/sentiment-cx-2e7070b0-main/node_modules/@vitest/runner/dist/chunk-hooks.js:752:26\n    at file:///D:/Documents/Trabalhos/PotencialPI/Git/sentiment-cx-2e7070b0-main/sentiment-cx-2e7070b0-main/node_modules/@vitest/runner/dist/chunk-hooks.js:1897:20\n    at new Promise (<anonymous>)\n    at runWithTimeout (file:///D:/Documents/Trabalhos/PotencialPI/Git/sentiment-cx-2e7070b0-main/sentiment-cx-2e7070b0-main/node_modules/@vitest/runner/dist/chunk-hooks.js:1863:10)\n    at runTest (file:///D:/Documents/Trabalhos/PotencialPI/Git/sentiment-cx-2e7070b0-main/sentiment-cx-2e7070b0-main/node_modules/@vitest/runner/dist/chunk-hooks.js:1574:12)\n    at processTicksAndRejections (node:internal/process/task_queues:105:5)\n    at runSuite (file:///D:/Documents/Trabalhos/PotencialPI/Git/sentiment-cx-2e7070b0-main/sentiment-cx-2e7070b0-main/node_modules/@vitest/runner/dist/chunk-hooks.js:1729:8)\n    at runSuite (file:///D:/Documents/Trabalhos/PotencialPI/Git/sentiment-cx-2e7070b0-main/sentiment-cx-2e7070b0-main/node_modules/@vitest/runner/dist/chunk-hooks.js:1729:8)","TypeError: Cannot read properties of undefined (reading 'id')\n    at D:\\Documents\\Trabalhos\\PotencialPI\\Git\\sentiment-cx-2e7070b0-main\\sentiment-cx-2e7070b0-main\\tests\\e2e-complete-flow.test.js:442:31\n    at file:///D:/Documents/Trabalhos/PotencialPI/Git/sentiment-cx-2e7070b0-main/sentiment-cx-2e7070b0-main/node_modules/@vitest/runner/dist/chunk-hooks.js:155:11\n    at file:///D:/Documents/Trabalhos/PotencialPI/Git/sentiment-cx-2e7070b0-main/sentiment-cx-2e7070b0-main/node_modules/@vitest/runner/dist/chunk-hooks.js:752:26\n    at file:///D:/Documents/Trabalhos/PotencialPI/Git/sentiment-cx-2e7070b0-main/sentiment-cx-2e7070b0-main/node_modules/@vitest/runner/dist/chunk-hooks.js:1897:20\n    at new Promise (<anonymous>)\n    at runWithTimeout (file:///D:/Documents/Trabalhos/PotencialPI/Git/sentiment-cx-2e7070b0-main/sentiment-cx-2e7070b0-main/node_modules/@vitest/runner/dist/chunk-hooks.js:1863:10)\n    at runTest (file:///D:/Documents/Trabalhos/PotencialPI/Git/sentiment-cx-2e7070b0-main/sentiment-cx-2e7070b0-main/node_modules/@vitest/runner/dist/chunk-hooks.js:1574:12)\n    at processTicksAndRejections (node:internal/process/task_queues:105:5)\n    at runSuite (file:///D:/Documents/Trabalhos/PotencialPI/Git/sentiment-cx-2e7070b0-main/sentiment-cx-2e7070b0-main/node_modules/@vitest/runner/dist/chunk-hooks.js:1729:8)\n    at runSuite (file:///D:/Documents/Trabalhos/PotencialPI/Git/sentiment-cx-2e7070b0-main/sentiment-cx-2e7070b0-main/node_modules/@vitest/runner/dist/chunk-hooks.js:1729:8)"],"meta":{}},{"ancestorTitles":["Teste End-to-End Completo - Plataforma de Pesquisas","6. Análise das Respostas pelo Usuário"],"fullName":"Teste End-to-End Completo - Plataforma de Pesquisas 6. Análise das Respostas pelo Usuário Deve validar integridade completa do fluxo","status":"failed","title":"Deve validar integridade completa do fluxo","duration":1899.7747000000018,"failureMessages":["AssertionError: expected [] to have a length of 1 but got +0\n    at Proxy.<anonymous> (file:///D:/Documents/Trabalhos/PotencialPI/Git/sentiment-cx-2e7070b0-main/sentiment-cx-2e7070b0-main/node_modules/@vitest/expect/dist/index.js:1257:20)\n    at Proxy.<anonymous> (file:///D:/Documents/Trabalhos/PotencialPI/Git/sentiment-cx-2e7070b0-main/sentiment-cx-2e7070b0-main/node_modules/@vitest/expect/dist/index.js:1029:14)\n    at Proxy.methodWrapper (file:///D:/Documents/Trabalhos/PotencialPI/Git/sentiment-cx-2e7070b0-main/sentiment-cx-2e7070b0-main/node_modules/chai/chai.js:1706:25)\n    at D:\\Documents\\Trabalhos\\PotencialPI\\Git\\sentiment-cx-2e7070b0-main\\sentiment-cx-2e7070b0-main\\tests\\e2e-complete-flow.test.js:478:24\n    at processTicksAndRejections (node:internal/process/task_queues:105:5)\n    at file:///D:/Documents/Trabalhos/PotencialPI/Git/sentiment-cx-2e7070b0-main/sentiment-cx-2e7070b0-main/node_modules/@vitest/runner/dist/chunk-hooks.js:752:20","AssertionError: expected [] to have a length of 1 but got +0\n    at Proxy.<anonymous> (file:///D:/Documents/Trabalhos/PotencialPI/Git/sentiment-cx-2e7070b0-main/sentiment-cx-2e7070b0-main/node_modules/@vitest/expect/dist/index.js:1257:20)\n    at Proxy.<anonymous> (file:///D:/Documents/Trabalhos/PotencialPI/Git/sentiment-cx-2e7070b0-main/sentiment-cx-2e7070b0-main/node_modules/@vitest/expect/dist/index.js:1029:14)\n    at Proxy.methodWrapper (file:///D:/Documents/Trabalhos/PotencialPI/Git/sentiment-cx-2e7070b0-main/sentiment-cx-2e7070b0-main/node_modules/chai/chai.js:1706:25)\n    at D:\\Documents\\Trabalhos\\PotencialPI\\Git\\sentiment-cx-2e7070b0-main\\sentiment-cx-2e7070b0-main\\tests\\e2e-complete-flow.test.js:478:24\n    at processTicksAndRejections (node:internal/process/task_queues:105:5)\n    at file:///D:/Documents/Trabalhos/PotencialPI/Git/sentiment-cx-2e7070b0-main/sentiment-cx-2e7070b0-main/node_modules/@vitest/runner/dist/chunk-hooks.js:752:20","AssertionError: expected [] to have a length of 1 but got +0\n    at Proxy.<anonymous> (file:///D:/Documents/Trabalhos/PotencialPI/Git/sentiment-cx-2e7070b0-main/sentiment-cx-2e7070b0-main/node_modules/@vitest/expect/dist/index.js:1257:20)\n    at Proxy.<anonymous> (file:///D:/Documents/Trabalhos/PotencialPI/Git/sentiment-cx-2e7070b0-main/sentiment-cx-2e7070b0-main/node_modules/@vitest/expect/dist/index.js:1029:14)\n    at Proxy.methodWrapper (file:///D:/Documents/Trabalhos/PotencialPI/Git/sentiment-cx-2e7070b0-main/sentiment-cx-2e7070b0-main/node_modules/chai/chai.js:1706:25)\n    at D:\\Documents\\Trabalhos\\PotencialPI\\Git\\sentiment-cx-2e7070b0-main\\sentiment-cx-2e7070b0-main\\tests\\e2e-complete-flow.test.js:478:24\n    at processTicksAndRejections (node:internal/process/task_queues:105:5)\n    at file:///D:/Documents/Trabalhos/PotencialPI/Git/sentiment-cx-2e7070b0-main/sentiment-cx-2e7070b0-main/node_modules/@vitest/runner/dist/chunk-hooks.js:752:20"],"meta":{}}],"startTime":1756838819802,"endTime":1756838825976.7747,"status":"failed","message":"","name":"D:/Documents/Trabalhos/PotencialPI/Git/sentiment-cx-2e7070b0-main/sentiment-cx-2e7070b0-main/tests/e2e-complete-flow.test.js"}]}